<?xml version="1.0" encoding="UTF-8"?>
<!-- Generated by org.testng.reporters.JUnitReportReporter -->
<testsuite hostname="G14" failures="0" tests="1" name="com.browserstack.run_second_test.SecondTest" time="29.355" errors="0" timestamp="31 Jul 2022 03:56:07 GMT">
  <testcase classname="com.browserstack.run_second_test.SecondTest" name="test" time="29.355"/>
</testsuite> <!-- com.browserstack.run_second_test.SecondTest -->
